//=====================================================
Exception code: C0000005 ACCESS_VIOLATION
Fault address:  014F8032 01:010F7032 D:\ApplicationProgram\Debussy\bin\Debussy.exe

Registers:
EAX:07B51E80
EBX:014EEB95
ECX:000001A0
EDX:00000000
ESI:00000000
EDI:0000C59A
CS:EIP:0023:014F8032
SS:ESP:002B:0019F0D8  EBP:0019F12C
DS:002B  ES:002B  FS:0053  GS:002B
Flags:00010206

Call stack:
Address   Frame
014F8032  0019F12C  0001:010F7032 D:\ApplicationProgram\Debussy\bin\Debussy.exe
014F8974  0019F140  0001:010F7974 D:\ApplicationProgram\Debussy\bin\Debussy.exe
014EEC1D  0019F170  0001:010EDC1D D:\ApplicationProgram\Debussy\bin\Debussy.exe
7648BF1B  0019F19C  AddClipboardFormatListener+49B
764883EA  0019F284  DispatchMessageW+97A
76468D8C  0019F2C0  CallWindowProcA+8C
014EF187  0019F2F4  0001:010EE187 D:\ApplicationProgram\Debussy\bin\Debussy.exe
7648BF1B  0019F320  AddClipboardFormatListener+49B
764883EA  0019F408  DispatchMessageW+97A
76468D8C  0019F444  CallWindowProcA+8C
014A46F7  0019F470  0001:010A36F7 D:\ApplicationProgram\Debussy\bin\Debussy.exe
014CDB38  0019F488  0001:010CCB38 D:\ApplicationProgram\Debussy\bin\Debussy.exe
7648BF1B  0019F4B4  AddClipboardFormatListener+49B
764883EA  0019F59C  DispatchMessageW+97A
76487F8A  0019F600  DispatchMessageW+51A
7648A6D9  0019F640  SystemParametersInfoW+4A9
76FBCD3D  0019F6E8  KiUserCallbackDispatcher+4D
7646BAB1  0019F720  SendMessageA+131
014EF150  0019F750  0001:010EE150 D:\ApplicationProgram\Debussy\bin\Debussy.exe
7648BF1B  0019F77C  AddClipboardFormatListener+49B
764883EA  0019F864  DispatchMessageW+97A
76468D8C  0019F8A0  CallWindowProcA+8C
014A46F7  0019F8CC  0001:010A36F7 D:\ApplicationProgram\Debussy\bin\Debussy.exe
014ADAD0  0019F8E8  0001:010ACAD0 D:\ApplicationProgram\Debussy\bin\Debussy.exe
7648BF1B  0019F914  AddClipboardFormatListener+49B
764883EA  0019F9FC  DispatchMessageW+97A
76487F8A  0019FA60  DispatchMessageW+51A
7648A6D9  0019FAA0  SystemParametersInfoW+4A9
76FBCD3D  0019FAFC  KiUserCallbackDispatcher+4D
014379DE  0019FB0C  0001:010369DE D:\ApplicationProgram\Debussy\bin\Debussy.exe
014C1980  0019FB2C  0001:010C0980 D:\ApplicationProgram\Debussy\bin\Debussy.exe
014BC2D0  0019FB5C  0001:010BB2D0 D:\ApplicationProgram\Debussy\bin\Debussy.exe
014510D7  0019FB74  0001:010500D7 D:\ApplicationProgram\Debussy\bin\Debussy.exe
014379CC  0019FB84  0001:010369CC D:\ApplicationProgram\Debussy\bin\Debussy.exe
006E91C7  0019FB9C  0001:002E81C7 D:\ApplicationProgram\Debussy\bin\Debussy.exe
006E907F  0019FBF8  0001:002E807F D:\ApplicationProgram\Debussy\bin\Debussy.exe
0056C16C  0019FC04  0001:0016B16C D:\ApplicationProgram\Debussy\bin\Debussy.exe
00559304  0019FD44  0001:00158304 D:\ApplicationProgram\Debussy\bin\Debussy.exe
004E75BE  0019FD6C  0001:000E65BE D:\ApplicationProgram\Debussy\bin\Debussy.exe
0043EA65  0019FDA4  0001:0003DA65 D:\ApplicationProgram\Debussy\bin\Debussy.exe
00405323  0019FEB0  0001:00004323 D:\ApplicationProgram\Debussy\bin\Debussy.exe
00407097  0019FEE4  0001:00006097 D:\ApplicationProgram\Debussy\bin\Debussy.exe
021D9ACE  0019FEF4  0001:01DD8ACE D:\ApplicationProgram\Debussy\bin\Debussy.exe
021BFE24  0019FF80  0001:01DBEE24 D:\ApplicationProgram\Debussy\bin\Debussy.exe
73A68494  0019FF94  BaseThreadInitThunk+24
76FB41C8  0019FFDC  RtlAreBitsSet+88
76FB4198  0019FFEC  RtlAreBitsSet+58

