#
# A fatal error has been detected by the Java Runtime Environment:
#
#  EXCEPTION_ACCESS_VIOLATION (0xc0000005) at pc=0x000001d38928e978, pid=18064, tid=18228
#
# JRE version: Java(TM) SE Runtime Environment (8.0_66-b18) (build 1.8.0_66-b18)
# Java VM: Java HotSpot(TM) 64-Bit Server VM (25.66-b18 mixed mode windows-amd64 compressed oops)
# Problematic frame:
# C  0x000001d38928e978
#
# Failed to write core dump. Minidumps are not enabled by default on client versions of Windows
#
# If you would like to submit a bug report, please visit:
#   http://bugreport.java.com/bugreport/crash.jsp
# The crash happened outside the Java Virtual Machine in native code.
# See problematic frame for where to report the bug.
#

---------------  T H R E A D  ---------------

Current thread (0x000001d31209d800):  JavaThread "AWT-EventQueue-0" [_thread_in_native, id=18228, stack(0x0000000c1dd00000,0x0000000c1e200000)]

siginfo: ExceptionCode=0xc0000005, ExceptionInformation=0x0000000000000008 0x000001d38928e978

Registers:
RAX=0x000001d38928f978, RBX=0x000001d31209d9f8, RCX=0x000001d389282440, RDX=0x0000000c1e1fa690
RSP=0x0000000c1e1fa558, RBP=0x0000000c1e1fa6a0, RSI=0x0000000703c4d048, RDI=0x00000007c0a548e8
R8 =0x000001d389282440, R9 =0x00000000e009f256, R10=0x00007ff8e15eb380, R11=0x0000000000000418
R12=0x0000000000000000, R13=0x00000000e005e8c6, R14=0x0000000c1e1fa690, R15=0x000001d31209d800
RIP=0x000001d38928e978, EFLAGS=0x0000000000010202

Top of Stack: (sp=0x0000000c1e1fa558)
0x0000000c1e1fa558:   00007ff8e15eb3bf 000000070037dce0
0x0000000c1e1fa568:   00000007002f4630 00000007002f4630
0x0000000c1e1fa578:   0000000703c4de18 000001d31209d9f8
0x0000000c1e1fa588:   e005e8c600000002 fffffffffffffffe
0x0000000c1e1fa598:   00000003e006fb9c 0000000400000002
0x0000000c1e1fa5a8:   0000000000000007 00000007002f4630
0x0000000c1e1fa5b8:   00000000e0789bc1 00000000e009dfc2
0x0000000c1e1fa5c8:   00000007004efdd8 0000000000000011
0x0000000c1e1fa5d8:   0000000000000000 00000000e009dfbb
0x0000000c1e1fa5e8:   000001d3162f68d8 0000000703c445c8
0x0000000c1e1fa5f8:   000001d317ac84a4 00000000e1a10c8a
0x0000000c1e1fa608:   000001d316f655c8 0000000703c4d218
0x0000000c1e1fa618:   00000007002f4630 00000007002f4630
0x0000000c1e1fa628:   00007f44b558d6ad 00000007c0a548e8
0x0000000c1e1fa638:   000001d319e96c5a 0000000703c443f8
0x0000000c1e1fa648:   000001d3583dbb50 0000000703c443f8 

Instructions: (pc=0x000001d38928e978)
0x000001d38928e958:   0f 00 00 00 00 00 00 00 00 00 00 00 00 00 00 00
0x000001d38928e968:   0f 00 00 00 00 00 00 00 ff 1f 00 00 00 1c 80 00
0x000001d38928e978:   62 00 00 00 00 00 00 00 a8 15 28 89 d3 01 00 00
0x000001d38928e988:   78 f9 28 89 d3 01 00 00 00 aa 9e 80 d3 01 00 00 


Register to memory mapping:

RAX=0x000001d38928f978 is an unknown value
RBX=0x000001d31209d9f8 is an unknown value
RCX=0x000001d389282440 is an unknown value
RDX=0x0000000c1e1fa690 is pointing into the stack for thread: 0x000001d31209d800
RSP=0x0000000c1e1fa558 is pointing into the stack for thread: 0x000001d31209d800
RBP=0x0000000c1e1fa6a0 is pointing into the stack for thread: 0x000001d31209d800
RSI=0x0000000703c4d048 is an oop
ui.views.cT 
 - klass: 'ui/views/cT'
RDI=0x00000007c0a548e8 is pointing into metadata
R8 =0x000001d389282440 is an unknown value
R9 =0x00000000e009f256 is an unknown value
R10=0x00007ff8e15eb380 is an unknown value
R11=0x0000000000000418 is an unknown value
R12=0x0000000000000000 is an unknown value
R13=0x00000000e005e8c6 is an unknown value
R14=0x0000000c1e1fa690 is pointing into the stack for thread: 0x000001d31209d800
R15=0x000001d31209d800 is a thread


Stack: [0x0000000c1dd00000,0x0000000c1e200000],  sp=0x0000000c1e1fa558,  free space=5097k
Native frames: (J=compiled Java code, j=interpreted, Vv=VM code, C=native code)
C  0x000001d38928e978

Java frames: (J=compiled Java code, j=interpreted, Vv=VM code)
J 29263  ui.data.labtools.lthwdatai.HWIla_getName(J)Ljava/lang/String; (0 bytes) @ 0x000001d319e96bc1 [0x000001d319e96b80+0x41]
J 32361 C2 ui.data.labtools.e.getName()Ljava/lang/String; (5 bytes) @ 0x000001d319e3afd8 [0x000001d319e3afa0+0x38]
J 28975 C1 ui.views.cS.bo(Lui/data/bd;)V (52 bytes) @ 0x000001d3159fb5fc [0x000001d3159fb2e0+0x31c]
J 31769 C1 ui.views.cS.fFo()V (56 bytes) @ 0x000001d31a52c03c [0x000001d31a52baa0+0x59c]
J 27580 C1 ui.views.cS.cL(Ljava/util/Collection;)V (264 bytes) @ 0x000001d31631442c [0x000001d316311940+0x2aec]
j  ui.views.cS.j(Ljava/lang/Object;)V+12
j  ui.views.bN.j(Ljava/lang/Object;)V+2
J 26381 C1 ui.data.v.a(Lui/data/X;Lui/frmwork/a/g;)V (2040 bytes) @ 0x000001d319669b1c [0x000001d319656380+0x1379c]
J 26380 C1 ui.data.W.a(Lui/frmwork/a/g;)V (9 bytes) @ 0x000001d319638e24 [0x000001d319638d80+0xa4]
J 29838 C2 ui.frmwork.HTclEventBroker.i(JZ)V (450 bytes) @ 0x000001d318e07e20 [0x000001d318e05e40+0x1fe0]
J 25559 C2 ui.frmwork.J.run()V (21 bytes) @ 0x000001d315c789a8 [0x000001d315c78960+0x48]
J 8840 C2 java.awt.EventQueue.dispatchEventImpl(Ljava/awt/AWTEvent;Ljava/lang/Object;)V (149 bytes) @ 0x000001d3168ad788 [0x000001d3168ad0e0+0x6a8]
J 8922 C2 java.awt.EventQueue$3.run()Ljava/lang/Object; (5 bytes) @ 0x000001d315e0b3cc [0x000001d315e0b360+0x6c]
v  ~StubRoutines::call_stub
J 1797  java.security.AccessController.doPrivileged(Ljava/security/PrivilegedAction;Ljava/security/AccessControlContext;)Ljava/lang/Object; (0 bytes) @ 0x000001d314f12fe6 [0x000001d314f12f80+0x66]
J 8946 C2 ui.frmwork.a.e.dispatchEvent(Ljava/awt/AWTEvent;)V (30 bytes) @ 0x000001d3158642d4 [0x000001d315863ee0+0x3f4]
J 14023 C2 java.awt.EventDispatchThread.pumpOneEventForFilters(I)V (295 bytes) @ 0x000001d316f86720 [0x000001d316f85a40+0xce0]
J 18485 C2 java.awt.EventDispatchThread.pumpEventsForFilter(ILjava/awt/Conditional;Ljava/awt/EventFilter;)V (47 bytes) @ 0x000001d31746b994 [0x000001d31746b7a0+0x1f4]
j  java.awt.EventDispatchThread.pumpEventsForFilter(Ljava/awt/Conditional;Ljava/awt/EventFilter;)V+4
j  java.awt.WaitDispatchSupport$2.run()V+59
j  java.awt.WaitDispatchSupport$4.run()Ljava/lang/Void;+4
j  java.awt.WaitDispatchSupport$4.run()Ljava/lang/Object;+1
v  ~StubRoutines::call_stub
J 177  java.security.AccessController.doPrivileged(Ljava/security/PrivilegedAction;)Ljava/lang/Object; (0 bytes) @ 0x000001d314e25c12 [0x000001d314e25bc0+0x52]
j  java.awt.WaitDispatchSupport.enter()Z+279
j  java.awt.Dialog.show()V+233
J 31774 C1 ui.b.c.bL.showDialog()V (66 bytes) @ 0x000001d315928874 [0x000001d315927ee0+0x994]
J 31371 C1 ui.b.c.bW.actionPerformed(Ljava/awt/event/ActionEvent;)V (61 bytes) @ 0x000001d315be4f04 [0x000001d315be4060+0xea4]
J 31752 C1 ui.b.c.bL.dGe()V (502 bytes) @ 0x000001d31a51bf4c [0x000001d31a5151c0+0x6d8c]
j  ui.views.b.n.A.run()V+127
j  ui.frmwork.a.eDW()Z+79
j  ui.views.b.n.X.actionPerformed(Ljava/awt/event/ActionEvent;)V+87
j  javax.swing.AbstractButton.fireActionPerformed(Ljava/awt/event/ActionEvent;)V+83
j  javax.swing.AbstractButton$Handler.actionPerformed(Ljava/awt/event/ActionEvent;)V+5
J 32640 C1 javax.swing.DefaultButtonModel.fireActionPerformed(Ljava/awt/event/ActionEvent;)V (46 bytes) @ 0x000001d315e3dae4 [0x000001d315e3d820+0x2c4]
J 27832 C1 javax.swing.DefaultButtonModel.setPressed(Z)V (125 bytes) @ 0x000001d3187851d4 [0x000001d318783c80+0x1554]
j  javax.swing.AbstractButton.doClick(I)V+64
j  com.jidesoft.plaf.vsnet.VsnetMenuItemUI.doClick(Ljavax/swing/MenuSelectionManager;)V+17
j  com.jidesoft.plaf.vsnet.VsnetMenuItemUI$MouseInputHandler.mouseReleased(Ljava/awt/event/MouseEvent;)V+85
J 16162 C1 java.awt.AWTEventMulticaster.mouseReleased(Ljava/awt/event/MouseEvent;)V (27 bytes) @ 0x000001d315547a7c [0x000001d315547860+0x21c]
J 16162 C1 java.awt.AWTEventMulticaster.mouseReleased(Ljava/awt/event/MouseEvent;)V (27 bytes) @ 0x000001d315547a7c [0x000001d315547860+0x21c]
J 24834 C2 javax.swing.JComponent.processMouseEvent(Ljava/awt/event/MouseEvent;)V (27 bytes) @ 0x000001d319215e38 [0x000001d319215d00+0x138]
J 16031 C2 java.awt.Container.processEvent(Ljava/awt/AWTEvent;)V (22 bytes) @ 0x000001d3153863f4 [0x000001d315386280+0x174]
J 28201 C2 java.awt.Component.dispatchEventImpl(Ljava/awt/AWTEvent;)V (883 bytes) @ 0x000001d319a9fc10 [0x000001d319a9f3c0+0x850]
J 30416 C2 java.awt.Container.dispatchEventImpl(Ljava/awt/AWTEvent;)V (129 bytes) @ 0x000001d318da78d0 [0x000001d318da7880+0x50]
J 11058 C2 java.awt.LightweightDispatcher.retargetMouseEvent(Ljava/awt/Component;ILjava/awt/event/MouseEvent;)V (350 bytes) @ 0x000001d316e51020 [0x000001d316e50a80+0x5a0]
J 15224 C2 java.awt.LightweightDispatcher.processMouseEvent(Ljava/awt/event/MouseEvent;)Z (286 bytes) @ 0x000001d316c4b8a0 [0x000001d316c4b440+0x460]
J 30416 C2 java.awt.Container.dispatchEventImpl(Ljava/awt/AWTEvent;)V (129 bytes) @ 0x000001d318da7b40 [0x000001d318da7880+0x2c0]
J 15042 C2 java.awt.Window.dispatchEventImpl(Ljava/awt/AWTEvent;)V (23 bytes) @ 0x000001d315529f8c [0x000001d315529f40+0x4c]
J 8840 C2 java.awt.EventQueue.dispatchEventImpl(Ljava/awt/AWTEvent;Ljava/lang/Object;)V (149 bytes) @ 0x000001d3168ad474 [0x000001d3168ad0e0+0x394]
J 8922 C2 java.awt.EventQueue$3.run()Ljava/lang/Object; (5 bytes) @ 0x000001d315e0b3cc [0x000001d315e0b360+0x6c]
v  ~StubRoutines::call_stub
J 1797  java.security.AccessController.doPrivileged(Ljava/security/PrivilegedAction;Ljava/security/AccessControlContext;)Ljava/lang/Object; (0 bytes) @ 0x000001d314f12fe6 [0x000001d314f12f80+0x66]
J 13580 C2 java.awt.EventQueue$4.run()Ljava/lang/Object; (5 bytes) @ 0x000001d3175aebb4 [0x000001d3175aea20+0x194]
v  ~StubRoutines::call_stub
J 1797  java.security.AccessController.doPrivileged(Ljava/security/PrivilegedAction;Ljava/security/AccessControlContext;)Ljava/lang/Object; (0 bytes) @ 0x000001d314f12fe6 [0x000001d314f12f80+0x66]
J 8946 C2 ui.frmwork.a.e.dispatchEvent(Ljava/awt/AWTEvent;)V (30 bytes) @ 0x000001d3158641d0 [0x000001d315863ee0+0x2f0]
J 14023 C2 java.awt.EventDispatchThread.pumpOneEventForFilters(I)V (295 bytes) @ 0x000001d316f86720 [0x000001d316f85a40+0xce0]
J 18308% C2 java.awt.EventDispatchThread.pumpEventsForFilter(ILjava/awt/Conditional;Ljava/awt/EventFilter;)V (47 bytes) @ 0x000001d31687a4e0 [0x000001d31687a3e0+0x100]
j  java.awt.EventDispatchThread.pumpEventsForHierarchy(ILjava/awt/Conditional;Ljava/awt/Component;)V+11
j  java.awt.EventDispatchThread.pumpEvents(ILjava/awt/Conditional;)V+4
j  java.awt.EventDispatchThread.pumpEvents(Ljava/awt/Conditional;)V+3
j  java.awt.EventDispatchThread.run()V+9
v  ~StubRoutines::call_stub

---------------  P R O C E S S  ---------------

Java Threads: ( => current thread )
  0x000001d3833bf800 JavaThread "Program Device" [_thread_blocked, id=18400, stack(0x0000000c21e00000,0x0000000c22300000)]
  0x000001d38bde6800 JavaThread "Image Fetcher 0" daemon [_thread_blocked, id=2432, stack(0x0000000c21400000,0x0000000c21900000)]
  0x000001d353b4e800 JavaThread "Thread-821" [_thread_in_native, id=724, stack(0x0000000c18500000,0x0000000c18600000)]
  0x000001d3526ed000 JavaThread "Monitor File Timestamp" [_thread_blocked, id=10320, stack(0x0000000c24100000,0x0000000c24600000)]
  0x000001d352b31000 JavaThread "Update Runs" [_thread_blocked, id=17328, stack(0x0000000c22800000,0x0000000c22d00000)]
  0x000001d352b3b800 JavaThread "Refresh Filesets" [_thread_blocked, id=17956, stack(0x0000000c22300000,0x0000000c22800000)]
  0x000001d35513f000 JavaThread "Monitor File Timestamp" [_thread_blocked, id=18180, stack(0x0000000c22d00000,0x0000000c23200000)]
  0x000001d3553e7800 JavaThread "Monitor File Timestamp" [_thread_blocked, id=10660, stack(0x0000000c23c00000,0x0000000c24100000)]
  0x000001d3845c7800 JavaThread "Timer-0" daemon [_thread_blocked, id=10564, stack(0x0000000c23700000,0x0000000c23c00000)]
  0x000001d38458a800 JavaThread "RunnableQueue-0" daemon [_thread_blocked, id=12220, stack(0x0000000c23200000,0x0000000c23700000)]
  0x000001d384637800 JavaThread "Batik CleanerThread" daemon [_thread_blocked, id=4136, stack(0x0000000c21900000,0x0000000c21e00000)]
  0x000001d33398d800 JavaThread "Monitor File Timestamp" [_thread_blocked, id=6708, stack(0x0000000c20900000,0x0000000c20e00000)]
  0x000001d333961000 JavaThread "Monitor File Timestamp" [_thread_blocked, id=18620, stack(0x0000000c20400000,0x0000000c20900000)]
  0x000001d3345e5800 JavaThread "hw_ila_monitor" [_thread_blocked, id=16528, stack(0x0000000c1f300000,0x0000000c1f800000)]
  0x000001d32cf87800 JavaThread "Update Runs" [_thread_blocked, id=6168, stack(0x0000000c1e700000,0x0000000c1ec00000)]
  0x000001d32f0e3800 JavaThread "Refresh Filesets" [_thread_blocked, id=8964, stack(0x0000000c1e200000,0x0000000c1e700000)]
  0x000001d312050800 JavaThread "Swing-Shell" daemon [_thread_blocked, id=15252, stack(0x0000000c1f800000,0x0000000c1fd00000)]
  0x000001d32ffc1800 JavaThread "Monitor File Timestamp" [_thread_blocked, id=11052, stack(0x0000000c1ee00000,0x0000000c1f300000)]
  0x000001d32de0f800 JavaThread "Process Messages" [_thread_blocked, id=18236, stack(0x0000000c1d800000,0x0000000c1dd00000)]
  0x000001d314502800 JavaThread "Thread-3" [_thread_in_native, id=18292, stack(0x0000000c18800000,0x0000000c19c00000)]
=>0x000001d31209d800 JavaThread "AWT-EventQueue-0" [_thread_in_native, id=18228, stack(0x0000000c1dd00000,0x0000000c1e200000)]
  0x000001d32c44c800 JavaThread "AWT-Windows" daemon [_thread_in_native, id=18100, stack(0x0000000c1d300000,0x0000000c1d800000)]
  0x000001d32c44d800 JavaThread "AWT-Shutdown" [_thread_blocked, id=18184, stack(0x0000000c1ce00000,0x0000000c1d300000)]
  0x000001d32c445000 JavaThread "Java2D Disposer" daemon [_thread_blocked, id=18160, stack(0x0000000c1c900000,0x0000000c1ce00000)]
  0x000001d32c107800 JavaThread "TimerQueue" daemon [_thread_blocked, id=17824, stack(0x0000000c1c400000,0x0000000c1c900000)]
  0x000001d32bf87800 JavaThread "Service Thread" daemon [_thread_blocked, id=17440, stack(0x0000000c1be00000,0x0000000c1c300000)]
  0x000001d32be62000 JavaThread "C1 CompilerThread2" daemon [_thread_blocked, id=17444, stack(0x0000000c1bd00000,0x0000000c1be00000)]
  0x000001d32be64000 JavaThread "C2 CompilerThread1" daemon [_thread_blocked, id=17528, stack(0x0000000c1bc00000,0x0000000c1bd00000)]
  0x000001d32be65800 JavaThread "C2 CompilerThread0" daemon [_thread_blocked, id=18088, stack(0x0000000c1bb00000,0x0000000c1bc00000)]
  0x000001d32be56000 JavaThread "Attach Listener" daemon [_thread_blocked, id=17560, stack(0x0000000c1b600000,0x0000000c1bb00000)]
  0x000001d32be57800 JavaThread "Signal Dispatcher" daemon [_thread_blocked, id=17564, stack(0x0000000c1b100000,0x0000000c1b600000)]
  0x000001d32bc6b000 JavaThread "Finalizer" daemon [_thread_blocked, id=13932, stack(0x0000000c1ac00000,0x0000000c1b100000)]
  0x000001d32bc61000 JavaThread "Reference Handler" daemon [_thread_blocked, id=7832, stack(0x0000000c1a700000,0x0000000c1ac00000)]
  0x000001d314ba6000 JavaThread "main" [_thread_blocked, id=17232, stack(0x0000000c19f00000,0x0000000c1a000000)]

Other Threads:
  0x000001d32bbf1800 VMThread [stack: 0x0000000c1a600000,0x0000000c1a700000] [id=2284]
  0x000001d32bf84800 WatcherThread [stack: 0x0000000c1c300000,0x0000000c1c400000] [id=17436]

VM state:not at safepoint (normal execution)

VM Mutex/Monitor currently owned by a thread: None

Heap:
 PSYoungGen      total 55296K, used 28320K [0x00000007bc400000, 0x00000007c0000000, 0x00000007c0000000)
  eden space 49152K, 45% used [0x00000007bc400000,0x00000007bd9ad9e0,0x00000007bf400000)
  from space 6144K, 99% used [0x00000007bf400000,0x00000007bf9fa8b0,0x00000007bfa00000)
  to   space 6144K, 0% used [0x00000007bfa00000,0x00000007bfa00000,0x00000007c0000000)
 ParOldGen       total 292352K, used 264557K [0x0000000700000000, 0x0000000711d80000, 0x00000007bc400000)
  object space 292352K, 90% used [0x0000000700000000,0x000000071025b580,0x0000000711d80000)
 Metaspace       used 95375K, capacity 95914K, committed 96640K, reserved 1132544K
  class space    used 14289K, capacity 14407K, committed 14464K, reserved 1048576K

Card table byte_map: [0x000001d324070000,0x000001d324680000] byte_map_base: 0x000001d320870000

Marking Bits: (ParMarkBitMap*) 0x000000005191a5b0
 Begin Bits: [0x000001d324c70000, 0x000001d327c70000)
 End Bits:   [0x000001d327c70000, 0x000001d32ac70000)

Polling page: 0x000001d3117f0000

CodeCache: size=245760Kb used=92385Kb max_used=92398Kb free=153374Kb
 bounds [0x000001d314cb0000, 0x000001d31a7e0000, 0x000001d323cb0000]
 total_blobs=23824 nmethods=22752 adapters=974
 compilation: enabled

Compilation events (10 events):
Event: 6336.637 Thread 0x000001d32be64000 nmethod 32878 0x000001d315003410 code [0x000001d315003560, 0x000001d315003608]
Event: 6336.637 Thread 0x000001d32be65800 nmethod 32879 0x000001d31628bb10 code [0x000001d31628bc60, 0x000001d31628bfd8]
Event: 6336.661 Thread 0x000001d32be64000 32880       4       com.jidesoft.tree.AbstractTreeModel::fireTreeStructureChanged (89 bytes)
Event: 6336.661 Thread 0x000001d32be62000 32881       3       ui.g.m.k.l::fln (4 bytes)
Event: 6336.662 Thread 0x000001d32be62000 nmethod 32881 0x000001d319e99710 code [0x000001d319e99880, 0x000001d319e99a38]
Event: 6336.664 Thread 0x000001d32be65800 32882       4       ui.data.labtools.h::d (51 bytes)
Event: 6336.669 Thread 0x000001d32be64000 nmethod 32880 0x000001d31a73f150 code [0x000001d31a73f300, 0x000001d31a73fba8]
Event: 6336.675 Thread 0x000001d32be65800 nmethod 32882 0x000001d316289190 code [0x000001d3162894c0, 0x000001d31628a1a0]
Event: 6336.777 Thread 0x000001d32be64000 32883       4       javax.swing.plaf.basic.BasicEditorPaneUI::getActionMap (103 bytes)
Event: 6336.804 Thread 0x000001d32be64000 nmethod 32883 0x000001d3162863d0 code [0x000001d3162865c0, 0x000001d316286d20]

GC Heap History (10 events):
Event: 6329.381 GC heap before
{Heap before GC invocations=1883 (full 278):
 PSYoungGen      total 55808K, used 52756K [0x00000007bc400000, 0x00000007c0000000, 0x00000007c0000000)
  eden space 49664K, 100% used [0x00000007bc400000,0x00000007bf480000,0x00000007bf480000)
  from space 6144K, 50% used [0x00000007bfa00000,0x00000007bfd05110,0x00000007c0000000)
  to   space 5632K, 0% used [0x00000007bf480000,0x00000007bf480000,0x00000007bfa00000)
 ParOldGen       total 292352K, used 257322K [0x0000000700000000, 0x0000000711d80000, 0x00000007bc400000)
  object space 292352K, 88% used [0x0000000700000000,0x000000070fb4aaf0,0x0000000711d80000)
 Metaspace       used 95350K, capacity 95914K, committed 96640K, reserved 1132544K
  class space    used 14289K, capacity 14407K, committed 14464K, reserved 1048576K
Event: 6329.384 GC heap after
Heap after GC invocations=1883 (full 278):
 PSYoungGen      total 55296K, used 1870K [0x00000007bc400000, 0x00000007c0000000, 0x00000007c0000000)
  eden space 49664K, 0% used [0x00000007bc400000,0x00000007bc400000,0x00000007bf480000)
  from space 5632K, 33% used [0x00000007bf480000,0x00000007bf653a28,0x00000007bfa00000)
  to   space 5632K, 0% used [0x00000007bfa80000,0x00000007bfa80000,0x00000007c0000000)
 ParOldGen       total 292352K, used 258653K [0x0000000700000000, 0x0000000711d80000, 0x00000007bc400000)
  object space 292352K, 88% used [0x0000000700000000,0x000000070fc97598,0x0000000711d80000)
 Metaspace       used 95350K, capacity 95914K, committed 96640K, reserved 1132544K
  class space    used 14289K, capacity 14407K, committed 14464K, reserved 1048576K
}
Event: 6331.243 GC heap before
{Heap before GC invocations=1884 (full 278):
 PSYoungGen      total 55296K, used 51534K [0x00000007bc400000, 0x00000007c0000000, 0x00000007c0000000)
  eden space 49664K, 100% used [0x00000007bc400000,0x00000007bf480000,0x00000007bf480000)
  from space 5632K, 33% used [0x00000007bf480000,0x00000007bf653a28,0x00000007bfa00000)
  to   space 5632K, 0% used [0x00000007bfa80000,0x00000007bfa80000,0x00000007c0000000)
 ParOldGen       total 292352K, used 258653K [0x0000000700000000, 0x0000000711d80000, 0x00000007bc400000)
  object space 292352K, 88% used [0x0000000700000000,0x000000070fc97598,0x0000000711d80000)
 Metaspace       used 95352K, capacity 95914K, committed 96640K, reserved 1132544K
  class space    used 14289K, capacity 14407K, committed 14464K, reserved 1048576K
Event: 6331.246 GC heap after
Heap after GC invocations=1884 (full 278):
 PSYoungGen      total 55808K, used 1003K [0x00000007bc400000, 0x00000007c0000000, 0x00000007c0000000)
  eden space 50176K, 0% used [0x00000007bc400000,0x00000007bc400000,0x00000007bf500000)
  from space 5632K, 17% used [0x00000007bfa80000,0x00000007bfb7aef8,0x00000007c0000000)
  to   space 5632K, 0% used [0x00000007bf500000,0x00000007bf500000,0x00000007bfa80000)
 ParOldGen       total 292352K, used 259661K [0x0000000700000000, 0x0000000711d80000, 0x00000007bc400000)
  object space 292352K, 88% used [0x0000000700000000,0x000000070fd93658,0x0000000711d80000)
 Metaspace       used 95352K, capacity 95914K, committed 96640K, reserved 1132544K
  class space    used 14289K, capacity 14407K, committed 14464K, reserved 1048576K
}
Event: 6331.961 GC heap before
{Heap before GC invocations=1885 (full 278):
 PSYoungGen      total 55808K, used 51179K [0x00000007bc400000, 0x00000007c0000000, 0x00000007c0000000)
  eden space 50176K, 100% used [0x00000007bc400000,0x00000007bf500000,0x00000007bf500000)
  from space 5632K, 17% used [0x00000007bfa80000,0x00000007bfb7aef8,0x00000007c0000000)
  to   space 5632K, 0% used [0x00000007bf500000,0x00000007bf500000,0x00000007bfa80000)
 ParOldGen       total 292352K, used 259661K [0x0000000700000000, 0x0000000711d80000, 0x00000007bc400000)
  object space 292352K, 88% used [0x0000000700000000,0x000000070fd93658,0x0000000711d80000)
 Metaspace       used 95357K, capacity 95914K, committed 96640K, reserved 1132544K
  class space    used 14289K, capacity 14407K, committed 14464K, reserved 1048576K
Event: 6331.964 GC heap after
Heap after GC invocations=1885 (full 278):
 PSYoungGen      total 55808K, used 2315K [0x00000007bc400000, 0x00000007c0000000, 0x00000007c0000000)
  eden space 50176K, 0% used [0x00000007bc400000,0x00000007bc400000,0x00000007bf500000)
  from space 5632K, 41% used [0x00000007bf500000,0x00000007bf742ef8,0x00000007bfa80000)
  to   space 5632K, 0% used [0x00000007bfa80000,0x00000007bfa80000,0x00000007c0000000)
 ParOldGen       total 292352K, used 259677K [0x0000000700000000, 0x0000000711d80000, 0x00000007bc400000)
  object space 292352K, 88% used [0x0000000700000000,0x000000070fd97658,0x0000000711d80000)
 Metaspace       used 95357K, capacity 95914K, committed 96640K, reserved 1132544K
  class space    used 14289K, capacity 14407K, committed 14464K, reserved 1048576K
}
Event: 6336.080 GC heap before
{Heap before GC invocations=1886 (full 278):
 PSYoungGen      total 55808K, used 52491K [0x00000007bc400000, 0x00000007c0000000, 0x00000007c0000000)
  eden space 50176K, 100% used [0x00000007bc400000,0x00000007bf500000,0x00000007bf500000)
  from space 5632K, 41% used [0x00000007bf500000,0x00000007bf742ef8,0x00000007bfa80000)
  to   space 5632K, 0% used [0x00000007bfa80000,0x00000007bfa80000,0x00000007c0000000)
 ParOldGen       total 292352K, used 259677K [0x0000000700000000, 0x0000000711d80000, 0x00000007bc400000)
  object space 292352K, 88% used [0x0000000700000000,0x000000070fd97658,0x0000000711d80000)
 Metaspace       used 95361K, capacity 95914K, committed 96640K, reserved 1132544K
  class space    used 14289K, capacity 14407K, committed 14464K, reserved 1048576K
Event: 6336.084 GC heap after
Heap after GC invocations=1886 (full 278):
 PSYoungGen      total 54784K, used 4859K [0x00000007bc400000, 0x00000007c0000000, 0x00000007c0000000)
  eden space 49152K, 0% used [0x00000007bc400000,0x00000007bc400000,0x00000007bf400000)
  from space 5632K, 86% used [0x00000007bfa80000,0x00000007bff3ecf8,0x00000007c0000000)
  to   space 6144K, 0% used [0x00000007bf400000,0x00000007bf400000,0x00000007bfa00000)
 ParOldGen       total 292352K, used 259741K [0x0000000700000000, 0x0000000711d80000, 0x00000007bc400000)
  object space 292352K, 88% used [0x0000000700000000,0x000000070fda7658,0x0000000711d80000)
 Metaspace       used 95361K, capacity 95914K, committed 96640K, reserved 1132544K
  class space    used 14289K, capacity 14407K, committed 14464K, reserved 1048576K
}
Event: 6336.569 GC heap before
{Heap before GC invocations=1887 (full 278):
 PSYoungGen      total 54784K, used 54011K [0x00000007bc400000, 0x00000007c0000000, 0x00000007c0000000)
  eden space 49152K, 100% used [0x00000007bc400000,0x00000007bf400000,0x00000007bf400000)
  from space 5632K, 86% used [0x00000007bfa80000,0x00000007bff3ecf8,0x00000007c0000000)
  to   space 6144K, 0% used [0x00000007bf400000,0x00000007bf400000,0x00000007bfa00000)
 ParOldGen       total 292352K, used 259741K [0x0000000700000000, 0x0000000711d80000, 0x00000007bc400000)
  object space 292352K, 88% used [0x0000000700000000,0x000000070fda7658,0x0000000711d80000)
 Metaspace       used 95373K, capacity 95914K, committed 96640K, reserved 1132544K
  class space    used 14289K, capacity 14407K, committed 14464K, reserved 1048576K
Event: 6336.617 GC heap after
Heap after GC invocations=1887 (full 278):
 PSYoungGen      total 55296K, used 6122K [0x00000007bc400000, 0x00000007c0000000, 0x00000007c0000000)
  eden space 49152K, 0% used [0x00000007bc400000,0x00000007bc400000,0x00000007bf400000)
  from space 6144K, 99% used [0x00000007bf400000,0x00000007bf9fa8b0,0x00000007bfa00000)
  to   space 6144K, 0% used [0x00000007bfa00000,0x00000007bfa00000,0x00000007c0000000)
 ParOldGen       total 292352K, used 264557K [0x0000000700000000, 0x0000000711d80000, 0x00000007bc400000)
  object space 292352K, 90% used [0x0000000700000000,0x000000071025b580,0x0000000711d80000)
 Metaspace       used 95373K, capacity 95914K, committed 96640K, reserved 1132544K
  class space    used 14289K, capacity 14407K, committed 14464K, reserved 1048576K
}

Deoptimization events (10 events):
Event: 5838.275 Thread 0x000001d31209d800 Uncommon trap: reason=class_check action=maybe_recompile pc=0x000001d318a43588 method=java.util.AbstractSet.equals(Ljava/lang/Object;)Z @ 8
Event: 6016.774 Thread 0x000001d31209d800 Uncommon trap: reason=class_check action=maybe_recompile pc=0x000001d3165acd48 method=sun.awt.image.ImageWatched$WeakLink.removeWatcher(Ljava/awt/image/ImageObserver;)Lsun/awt/image/ImageWatched$Link; @ 40
Event: 6016.874 Thread 0x000001d38c746000 Uncommon trap: reason=class_check action=maybe_recompile pc=0x000001d317a6370c method=sun.awt.image.ImageWatched$WeakLink.newInfo(Ljava/awt/Image;IIIII)Z @ 13
Event: 6016.874 Thread 0x000001d38c746000 Uncommon trap: reason=class_check action=maybe_recompile pc=0x000001d317aeb674 method=sun.awt.image.ImageWatched$WeakLink.removeWatcher(Ljava/awt/image/ImageObserver;)Lsun/awt/image/ImageWatched$Link; @ 40
Event: 6277.356 Thread 0x000001d31209d800 Uncommon trap: reason=unstable_if action=reinterpret pc=0x000001d31a641430 method=com.jidesoft.document.c.a(Ljava/awt/AWTEvent;)V @ 398
Event: 6333.206 Thread 0x000001d31209d800 Uncommon trap: reason=class_check action=maybe_recompile pc=0x000001d318cba68c method=ui.b.c.b.ab.a(Lui/g/g/j/aP;)V @ 1
Event: 6333.206 Thread 0x000001d31209d800 Uncommon trap: reason=class_check action=maybe_recompile pc=0x000001d31938287c method=com.jidesoft.grid.TreeTableModel.getRowsNeedUpdated(II)[I @ 284
Event: 6333.207 Thread 0x000001d31209d800 Uncommon trap: reason=class_check action=maybe_recompile pc=0x000001d319386b60 method=com.jidesoft.grid.TreeTableModel.getRowsNeedUpdated(II)[I @ 284
Event: 6333.207 Thread 0x000001d31209d800 Uncommon trap: reason=class_check action=maybe_recompile pc=0x000001d318cb6a84 method=com.jidesoft.grid.AbstractExpandable.notifyChildUpdated(Ljava/lang/Object;)V @ 75
Event: 6333.236 Thread 0x000001d31209d800 Uncommon trap: reason=unstable_if action=reinterpret pc=0x000001d31a2590ac method=ui.g.bs.Os(Ljava/lang/String;)Ljava/lang/String; @ 4

Internal exceptions (10 events):
Event: 5843.334 Thread 0x000001d31209d800 Exception <a 'java/io/FileNotFoundException'> (0x00000007bcedb300) thrown at [C:\re\workspace\8-2-build-windows-amd64-cygwin\jdk8u66\5298\hotspot\src\share\vm\prims\jni.cpp, line 709]
Event: 5848.334 Thread 0x000001d31209d800 Exception <a 'java/io/FileNotFoundException'> (0x00000007bd337b70) thrown at [C:\re\workspace\8-2-build-windows-amd64-cygwin\jdk8u66\5298\hotspot\src\share\vm\prims\jni.cpp, line 709]
Event: 5853.344 Thread 0x000001d31209d800 Exception <a 'java/io/FileNotFoundException'> (0x00000007bdab61d0) thrown at [C:\re\workspace\8-2-build-windows-amd64-cygwin\jdk8u66\5298\hotspot\src\share\vm\prims\jni.cpp, line 709]
Event: 5858.344 Thread 0x000001d31209d800 Exception <a 'java/io/FileNotFoundException'> (0x00000007bde98118) thrown at [C:\re\workspace\8-2-build-windows-amd64-cygwin\jdk8u66\5298\hotspot\src\share\vm\prims\jni.cpp, line 709]
Event: 5863.362 Thread 0x000001d31209d800 Exception <a 'java/io/FileNotFoundException'> (0x00000007be2d49e8) thrown at [C:\re\workspace\8-2-build-windows-amd64-cygwin\jdk8u66\5298\hotspot\src\share\vm\prims\jni.cpp, line 709]
Event: 5868.364 Thread 0x000001d31209d800 Exception <a 'java/io/FileNotFoundException'> (0x00000007be6a4468) thrown at [C:\re\workspace\8-2-build-windows-amd64-cygwin\jdk8u66\5298\hotspot\src\share\vm\prims\jni.cpp, line 709]
Event: 5873.372 Thread 0x000001d31209d800 Exception <a 'java/io/FileNotFoundException'> (0x00000007beb6b7c8) thrown at [C:\re\workspace\8-2-build-windows-amd64-cygwin\jdk8u66\5298\hotspot\src\share\vm\prims\jni.cpp, line 709]
Event: 5982.467 Thread 0x000001d379897000 Exception <a 'java/lang/InterruptedException': sleep interrupted> (0x00000007bdaa6798) thrown at [C:\re\workspace\8-2-build-windows-amd64-cygwin\jdk8u66\5298\hotspot\src\share\vm\prims\jvm.cpp, line 3167]
Event: 6062.284 Thread 0x000001d38c746000 Exception <a 'java/lang/InterruptedException': sleep interrupted> (0x00000007bd0af0c0) thrown at [C:\re\workspace\8-2-build-windows-amd64-cygwin\jdk8u66\5298\hotspot\src\share\vm\prims\jvm.cpp, line 3167]
Event: 6080.494 Thread 0x000001d356a02000 Exception <a 'java/lang/InterruptedException': sleep interrupted> (0x00000007be55dcd8) thrown at [C:\re\workspace\8-2-build-windows-amd64-cygwin\jdk8u66\5298\hotspot\src\share\vm\prims\jvm.cpp, line 3167]

Events (10 events):
Event: 6336.454 Executing VM operation: BulkRevokeBias
Event: 6336.454 Executing VM operation: BulkRevokeBias done
Event: 6336.460 Executing VM operation: BulkRevokeBias
Event: 6336.461 Executing VM operation: BulkRevokeBias done
Event: 6336.569 Executing VM operation: ParallelGCFailedAllocation
Event: 6336.617 Executing VM operation: ParallelGCFailedAllocation done
Event: 6336.707 Executing VM operation: BulkRevokeBias
Event: 6336.707 Executing VM operation: BulkRevokeBias done
Event: 6336.710 Executing VM operation: BulkRevokeBias
Event: 6336.710 Executing VM operation: BulkRevokeBias done


Dynamic libraries:
0x00007ff7fe420000 - 0x00007ff7fe450000 	D:\Xilinx\Vivado\2016.2\bin\unwrapped\win64.o\vivado.exe
0x00007ff94fb00000 - 0x00007ff94fce1000 	C:\WINDOWS\SYSTEM32\ntdll.dll
0x00007ff94ed50000 - 0x00007ff94ee02000 	C:\WINDOWS\System32\KERNEL32.DLL
0x00007ff94c440000 - 0x00007ff94c6b3000 	C:\WINDOWS\System32\KERNELBASE.dll
0x00007ff910970000 - 0x00007ff9113b0000 	D:\Xilinx\Vivado\2016.2\lib\win64.o\librdi_common.dll
0x00007ff94ea90000 - 0x00007ff94ea98000 	C:\WINDOWS\System32\PSAPI.DLL
0x00007ff94d520000 - 0x00007ff94e960000 	C:\WINDOWS\System32\SHELL32.dll
0x00007ff94ecb0000 - 0x00007ff94ed4e000 	C:\WINDOWS\System32\msvcrt.dll
0x00007ff94c1c0000 - 0x00007ff94c209000 	C:\WINDOWS\System32\cfgmgr32.dll
0x00007ff94c0c0000 - 0x00007ff94c1b8000 	C:\WINDOWS\System32\ucrtbase.dll
0x00007ff94f2b0000 - 0x00007ff94f359000 	C:\WINDOWS\System32\shcore.dll
0x00007ff94e960000 - 0x00007ff94ea84000 	C:\WINDOWS\System32\RPCRT4.dll
0x00007ff94f460000 - 0x00007ff94f782000 	C:\WINDOWS\System32\combase.dll
0x00007ff94c3c0000 - 0x00007ff94c43a000 	C:\WINDOWS\System32\bcryptPrimitives.dll
0x00007ff94c860000 - 0x00007ff94cf6d000 	C:\WINDOWS\System32\windows.storage.dll
0x00007ff94ec00000 - 0x00007ff94eca1000 	C:\WINDOWS\System32\advapi32.dll
0x00007ff94cf90000 - 0x00007ff94cfeb000 	C:\WINDOWS\System32\sechost.dll
0x00007ff94fa70000 - 0x00007ff94fac1000 	C:\WINDOWS\System32\shlwapi.dll
0x00007ff94cff0000 - 0x00007ff94d018000 	C:\WINDOWS\System32\GDI32.dll
0x00007ff94c6c0000 - 0x00007ff94c852000 	C:\WINDOWS\System32\gdi32full.dll
0x00007ff94c320000 - 0x00007ff94c3bf000 	C:\WINDOWS\System32\msvcp_win.dll
0x00007ff94f8e0000 - 0x00007ff94fa70000 	C:\WINDOWS\System32\USER32.dll
0x00007ff94cf70000 - 0x00007ff94cf90000 	C:\WINDOWS\System32\win32u.dll
0x00007ff94beb0000 - 0x00007ff94bec1000 	C:\WINDOWS\System32\kernel.appcore.dll
0x00007ff94be90000 - 0x00007ff94beaf000 	C:\WINDOWS\System32\profapi.dll
0x00007ff94be40000 - 0x00007ff94be8c000 	C:\WINDOWS\System32\powrprof.dll
0x00007ff94be30000 - 0x00007ff94be3a000 	C:\WINDOWS\System32\FLTLIB.DLL
0x00007ff927340000 - 0x00007ff9273e7000 	C:\WINDOWS\SYSTEM32\MSVCP110.dll
0x00007ff91ecd0000 - 0x00007ff91eda4000 	C:\WINDOWS\SYSTEM32\MSVCR110.dll
0x00007ff929660000 - 0x00007ff929673000 	D:\Xilinx\Vivado\2016.2\lib\win64.o\libboost_signals.dll
0x00007ff929600000 - 0x00007ff929611000 	D:\Xilinx\Vivado\2016.2\lib\win64.o\librdi_commonmain.dll
0x000000000a900000 - 0x000000000a98d000 	D:\Xilinx\Vivado\2016.2\lib\win64.o\SHSMP64.dll
0x00007ff9115c0000 - 0x00007ff91192e000 	D:\Xilinx\Vivado\2016.2\lib\win64.o\libCOIN-all.dll
0x00007ff91e050000 - 0x00007ff91e26f000 	D:\Xilinx\Vivado\2016.2\lib\win64.o\libXil_lmgr11.dll
0x00007ff94f370000 - 0x00007ff94f45d000 	C:\WINDOWS\System32\COMDLG32.dll
0x00007ff94f7b0000 - 0x00007ff94f873000 	C:\WINDOWS\System32\OLEAUT32.dll
0x00007ff94eaa0000 - 0x00007ff94ebf1000 	C:\WINDOWS\System32\ole32.dll
0x00007ff94c2c0000 - 0x00007ff94c317000 	C:\WINDOWS\System32\WINTRUST.dll
0x00007ff94be10000 - 0x00007ff94be22000 	C:\WINDOWS\System32\MSASN1.dll
0x00007ff94bed0000 - 0x00007ff94c0b2000 	C:\WINDOWS\System32\CRYPT32.dll
0x00007ff928510000 - 0x00007ff928534000 	D:\Xilinx\Vivado\2016.2\lib\win64.o\libboost_filesystem.dll
0x00007ff92bb10000 - 0x00007ff92bb20000 	D:\Xilinx\Vivado\2016.2\lib\win64.o\libboost_date_time.dll
0x00007ff91ec50000 - 0x00007ff91ecc7000 	D:\Xilinx\Vivado\2016.2\lib\win64.o\libboost_program_options.dll
0x00007ff92b910000 - 0x00007ff92b919000 	D:\Xilinx\Vivado\2016.2\lib\win64.o\libboost_system.dll
0x00007ff91a480000 - 0x00007ff91a586000 	D:\Xilinx\Vivado\2016.2\lib\win64.o\libboost_regex.dll
0x00007ff928fc0000 - 0x00007ff928fdd000 	D:\Xilinx\Vivado\2016.2\lib\win64.o\libboost_thread.dll
0x00007ff91b100000 - 0x00007ff91b180000 	D:\Xilinx\Vivado\2016.2\lib\win64.o\libhdlpsolve.dll
0x00007ff92b880000 - 0x00007ff92b88b000 	D:\Xilinx\Vivado\2016.2\lib\win64.o\libboost_xilinx.dll
0x0000000051110000 - 0x0000000051999000 	D:\Xilinx\Vivado\2016.2\tps\win64\jre\bin\server\jvm.dll
0x00007ff91ec30000 - 0x00007ff91ec45000 	D:\Xilinx\Vivado\2016.2\lib\win64.o\pthreadVC2.dll
0x00007ff91f550000 - 0x00007ff91f57a000 	D:\Xilinx\Vivado\2016.2\lib\win64.o\libisl_sysinfo.dll
0x00007ff9271b0000 - 0x00007ff927204000 	D:\Xilinx\Vivado\2016.2\lib\win64.o\librdi_commonxillic.dll
0x00007ff94d060000 - 0x00007ff94d0cc000 	C:\WINDOWS\System32\WS2_32.dll
0x00007ff917520000 - 0x00007ff917650000 	D:\Xilinx\Vivado\2016.2\lib\win64.o\librdi_curl.dll
0x00007ff91ac90000 - 0x00007ff91ad2a000 	D:\Xilinx\Vivado\2016.2\lib\win64.o\libhdxml.dll
0x00007ff910500000 - 0x00007ff910965e00 	D:\Xilinx\Vivado\2016.2\lib\win64.o\libisl_iostreams.dll
0x00007ff91ec00000 - 0x00007ff91ec23000 	D:\Xilinx\Vivado\2016.2\lib\win64.o\librdizlib.dll
0x00007ff93b680000 - 0x00007ff93bb3d000 	C:\WINDOWS\SYSTEM32\WININET.dll
0x00007ff948190000 - 0x00007ff94826d000 	C:\WINDOWS\SYSTEM32\WINHTTP.dll
0x00007ff93f870000 - 0x00007ff93fa38000 	C:\WINDOWS\SYSTEM32\urlmon.dll
0x00007ff92b4d0000 - 0x00007ff92b4d9000 	C:\WINDOWS\SYSTEM32\WSOCK32.dll
0x00007ff91ac60000 - 0x00007ff91ac83000 	C:\WINDOWS\SYSTEM32\VCOMP110.DLL
0x00007ff91e030000 - 0x00007ff91e048000 	D:\Xilinx\Vivado\2016.2\lib\win64.o\librdiconfig.dll
0x00000000519a0000 - 0x0000000051ac7000 	D:\Xilinx\Vivado\2016.2\lib\win64.o\tcl85t.dll
0x0000000012000000 - 0x0000000012263000 	D:\Xilinx\Vivado\2016.2\lib\win64.o\xerces-c_3_1.dll
0x00007ff9461e0000 - 0x00007ff9461f7000 	C:\WINDOWS\SYSTEM32\NETAPI32.dll
0x00007ff93cd40000 - 0x00007ff93cd4a000 	C:\WINDOWS\SYSTEM32\VERSION.dll
0x00007ff91a0e0000 - 0x00007ff91a187000 	C:\WINDOWS\WinSxS\amd64_microsoft.windows.common-controls_6595b64144ccf1df_5.82.17134.648_none_f95200fb3096129f\COMCTL32.dll
0x00007ff948db0000 - 0x00007ff948dd3000 	C:\WINDOWS\SYSTEM32\WINMM.dll
0x0000000051b90000 - 0x0000000051c62000 	C:\WINDOWS\SYSTEM32\MSVCR100.dll
0x00007ff92d830000 - 0x00007ff92d839000 	D:\Xilinx\Vivado\2016.2\lib\win64.o\librdi_commonversion.dll
0x00007ff92a030000 - 0x00007ff92a03b000 	D:\Xilinx\Vivado\2016.2\lib\win64.o\libboost_chrono.dll
0x00007ff940290000 - 0x00007ff940535000 	C:\WINDOWS\SYSTEM32\iertutil.dll
0x00007ff948d80000 - 0x00007ff948daa000 	C:\WINDOWS\SYSTEM32\WINMMBASE.dll
0x00007ff94b800000 - 0x00007ff94b80b000 	C:\WINDOWS\SYSTEM32\CRYPTBASE.DLL
0x00007ff91ac40000 - 0x00007ff91ac56000 	D:\Xilinx\Vivado\2016.2\lib\win64.o\libboost_iostreams.dll
0x00007ff91a450000 - 0x00007ff91a473000 	D:\Xilinx\Vivado\2016.2\lib\win64.o\libisl_iosutils.dll
0x00007ff94d030000 - 0x00007ff94d05d000 	C:\WINDOWS\System32\IMM32.DLL
0x00007ff9100e0000 - 0x00007ff9104fe000 	D:\Xilinx\Vivado\2016.2\lib\win64.o\librdi_commontasks.dll
0x00007ff8f8ab0000 - 0x00007ff8fa706000 	D:\Xilinx\Vivado\2016.2\lib\win64.o\librdi_tcltasks.dll
0x00007ff90fe60000 - 0x00007ff9100d7000 	D:\Xilinx\Vivado\2016.2\lib\win64.o\librdi_bitstream.dll
0x00007ff9174c0000 - 0x00007ff91751d000 	D:\Xilinx\Vivado\2016.2\lib\win64.o\librdi_boarddep.dll
0x00007ff90fc40000 - 0x00007ff90fe51000 	D:\Xilinx\Vivado\2016.2\lib\win64.o\librdi_chipscope.dll
0x00007ff911a90000 - 0x00007ff911bcf000 	D:\Xilinx\Vivado\2016.2\lib\win64.o\librdi_board.dll
0x00007ff9129b0000 - 0x00007ff912a93000 	D:\Xilinx\Vivado\2016.2\lib\win64.o\librdi_containers.dll
0x00007ff8e19f0000 - 0x00007ff8e44f3000 	D:\Xilinx\Vivado\2016.2\lib\win64.o\librdi_coregen.dll
0x00007ff8f5240000 - 0x00007ff8f8aa7000 	D:\Xilinx\Vivado\2016.2\lib\win64.o\librdi_designutils.dll
0x00007ff8fb7d0000 - 0x00007ff8fca3b000 	D:\Xilinx\Vivado\2016.2\lib\win64.o\librdi_constraints.dll
0x00007ff90fa20000 - 0x00007ff90fc40000 	D:\Xilinx\Vivado\2016.2\lib\win64.o\librdi_dlyest.dll
0x00007ff8ec370000 - 0x00007ff8f5231000 	D:\Xilinx\Vivado\2016.2\lib\win64.o\librdi_device.dll
0x00007ff90f510000 - 0x00007ff90fa13000 	D:\Xilinx\Vivado\2016.2\lib\win64.o\librdi_drc.dll
0x00007ff911500000 - 0x00007ff9115c0000 	D:\Xilinx\Vivado\2016.2\lib\win64.o\librdi_dsp.dll
0x00007ff9098c0000 - 0x00007ff909e0a000 	D:\Xilinx\Vivado\2016.2\lib\win64.o\librdi_filemgmt.dll
0x00007ff90f2d0000 - 0x00007ff90f510000 	D:\Xilinx\Vivado\2016.2\lib\win64.o\librdi_guitools.dll
0x00007ff909480000 - 0x00007ff9098b4000 	D:\Xilinx\Vivado\2016.2\lib\win64.o\librdi_netlist.dll
0x00007ff8ebde0000 - 0x00007ff8ec36d000 	D:\Xilinx\Vivado\2016.2\lib\win64.o\librdi_memdata.dll
0x00007ff91a410000 - 0x00007ff91a44b000 	D:\Xilinx\Vivado\2016.2\lib\win64.o\librdi_pfi.dll
0x00007ff8ea440000 - 0x00007ff8ebdde000 	D:\Xilinx\Vivado\2016.2\lib\win64.o\librdi_place.dll
0x00007ff8e9e80000 - 0x00007ff8ea438000 	D:\Xilinx\Vivado\2016.2\lib\win64.o\librdi_power.dll
0x00007ff8fb350000 - 0x00007ff8fb7cd000 	D:\Xilinx\Vivado\2016.2\lib\win64.o\librdi_project.dll
0x00007ff8e99a0000 - 0x00007ff8e9e71000 	D:\Xilinx\Vivado\2016.2\lib\win64.o\librdi_psta.dll
0x00007ff8e8770000 - 0x00007ff8e8d54000 	D:\Xilinx\Vivado\2016.2\lib\win64.o\librdi_rsb.dll
0x00007ff8e8d60000 - 0x00007ff8e9996000 	D:\Xilinx\Vivado\2016.2\lib\win64.o\librdi_route.dll
0x00007ff8e8490000 - 0x00007ff8e8766000 	D:\Xilinx\Vivado\2016.2\lib\win64.o\librdi_runs.dll
0x00007ff916570000 - 0x00007ff9165cb000 	D:\Xilinx\Vivado\2016.2\lib\win64.o\librdi_runsbase.dll
0x00007ff90f150000 - 0x00007ff90f2cd000 	D:\Xilinx\Vivado\2016.2\lib\win64.o\librdi_simdata.dll
0x00007ff90ea70000 - 0x00007ff90ec60000 	D:\Xilinx\Vivado\2016.2\lib\win64.o\librdi_sio.dll
0x00007ff8e7a00000 - 0x00007ff8e848e000 	D:\Xilinx\Vivado\2016.2\lib\win64.o\librdi_timing.dll
0x00007ff915d70000 - 0x00007ff915dd3000 	D:\Xilinx\Vivado\2016.2\lib\win64.o\liblmx6.0.dll
0x00007ff8df060000 - 0x00007ff8df713000 	D:\Xilinx\Vivado\2016.2\lib\win64.o\librdi_coregenipxact.dll
0x00007ff916210000 - 0x00007ff916257000 	D:\Xilinx\Vivado\2016.2\lib\win64.o\libboost_serialization.dll
0x00007ff8e6b40000 - 0x00007ff8e74bf000 	D:\Xilinx\Vivado\2016.2\lib\win64.o\libverific.dll
0x00007ff8e74c0000 - 0x00007ff8e7a00000 	D:\Xilinx\Vivado\2016.2\lib\win64.o\librdi_xdm.dll
0x00007ff90f0b0000 - 0x00007ff90f147000 	D:\Xilinx\Vivado\2016.2\lib\win64.o\libise.dll
0x00007ff916440000 - 0x00007ff91647a000 	D:\Xilinx\Vivado\2016.2\lib\win64.o\librdi_wavedata_SimpleApi.dll
0x00007ff8e6790000 - 0x00007ff8e6b31000 	D:\Xilinx\Vivado\2016.2\lib\win64.o\librdi_wavedata.dll
0x00007ff914e30000 - 0x00007ff914e73000 	D:\Xilinx\Vivado\2016.2\lib\win64.o\librdi_hdf.dll
0x00007ff8e6590000 - 0x00007ff8e6782000 	D:\Xilinx\Vivado\2016.2\lib\win64.o\librdi_hsm.dll
0x00007ff8e5fd0000 - 0x00007ff8e658c000 	D:\Xilinx\Vivado\2016.2\lib\win64.o\librdi_abc_nomp.dll
0x00007ff91a0c0000 - 0x00007ff91a0d9000 	D:\Xilinx\Vivado\2016.2\lib\win64.o\librdi_hmetis.dll
0x00007ff8e4790000 - 0x00007ff8e5fc1000 	D:\Xilinx\Vivado\2016.2\lib\win64.o\librdi_mig.dll
0x00007ff8e4500000 - 0x00007ff8e4781000 	D:\Xilinx\Vivado\2016.2\lib\win64.o\librdi_ippcw.dll
0x00007ff913ba0000 - 0x00007ff913bed000 	D:\Xilinx\Vivado\2016.2\lib\win64.o\librdi_projectbase.dll
0x00007ff8e1350000 - 0x00007ff8e19e4000 	D:\Xilinx\Vivado\2016.2\lib\win64.o\librdi_labtools.dll
0x00007ff8df990000 - 0x00007ff8e134c000 	D:\Xilinx\Vivado\2016.2\lib\win64.o\librdi_synth.dll
0x00007ff90c200000 - 0x00007ff90c2b5000 	D:\Xilinx\Vivado\2016.2\lib\win64.o\librdi_hwh.dll
0x00007ff90f030000 - 0x00007ff90f0af000 	D:\Xilinx\Vivado\2016.2\lib\win64.o\librdi_simbridge_kernel.dll
0x00007ff94b3b0000 - 0x00007ff94b3e8000 	C:\WINDOWS\SYSTEM32\IPHLPAPI.DLL

VM Arguments:
jvm_args: -Dsun.java2d.pmoffscreen=false -Dsun.java2d.d3d=false -Dsun.awt.nopixfmt=true -Xverify:none -Dswing.aatext=true -XX:-UsePerfData -Djdk.map.althashing.threshold=512 -XX:StringTableSize=4072 -XX:NewSize=60m -XX:MaxNewSize=60m -Xms128m -Xmx3072m -Xss5m 
java_command: <unknown>
java_class_path (initial): D:/Xilinx/Vivado/2016.2\lib\classes\alloy.jar;D:/Xilinx/Vivado/2016.2\lib\classes\batik-anim.jar;D:/Xilinx/Vivado/2016.2\lib\classes\batik-awt-util.jar;D:/Xilinx/Vivado/2016.2\lib\classes\batik-bridge.jar;D:/Xilinx/Vivado/2016.2\lib\classes\batik-codec.jar;D:/Xilinx/Vivado/2016.2\lib\classes\batik-css.jar;D:/Xilinx/Vivado/2016.2\lib\classes\batik-dom.jar;D:/Xilinx/Vivado/2016.2\lib\classes\batik-ext.jar;D:/Xilinx/Vivado/2016.2\lib\classes\batik-gui-util.jar;D:/Xilinx/Vivado/2016.2\lib\classes\batik-gvt.jar;D:/Xilinx/Vivado/2016.2\lib\classes\batik-parser.jar;D:/Xilinx/Vivado/2016.2\lib\classes\batik-script.jar;D:/Xilinx/Vivado/2016.2\lib\classes\batik-svg-dom.jar;D:/Xilinx/Vivado/2016.2\lib\classes\batik-swing.jar;D:/Xilinx/Vivado/2016.2\lib\classes\batik-transcoder.jar;D:/Xilinx/Vivado/2016.2\lib\classes\batik-util.jar;D:/Xilinx/Vivado/2016.2\lib\classes\batik-xml.jar;D:/Xilinx/Vivado/2016.2\lib\classes\commons-math-2.2.jar;D:/Xilinx/Vivado/2016.2\lib\classes\dom4j-1.6.1.jar;D:/Xilinx/Vivado/2016.2\lib\classes\forms.jar;D:/Xilinx/Vivado/2016.2\lib\classes\guava-18.0.jar;D:/Xilinx/Vivado/2016.2\lib\classes\help.jar;D:/Xilinx/Vivado/2016.2\lib\classes\hsqldb.jar;D:/Xilinx/Vivado/2016.2\lib\classes\jh.jar;D:/Xilinx/Vivado/2016.2\lib\classes\jide-action.jar;D:/Xilinx/Vivado/2016.2\lib\classes\jide-charts.jar;D:/Xilinx/Vivado/2016.2\lib\classes\jide-common.jar;D:/Xilinx/Vivado/2016.2\lib\classes\jide-components.jar;D:/Xilinx/Vivado/2016.2\lib\classes\jide-dashboard.jar;D:/Xilinx/Vivado/2016.2\lib\classes\jide-data.jar;D:/Xilinx/Vivado/2016.2\lib\classes\jide-dialogs.jar;D:/Xilinx/Vivado/2016.2\lib\classes\jide-diff.jar;D:/Xilinx/Vivado/2016.2\lib\classes\jide-dock.jar;D:/Xilinx/Vivado/2016.2\lib\classes\jide-editor.jar;D:/Xilinx/Vivado/2016.2\lib\classes\jide-gantt.jar;D:/Xilinx/Vivado/2016.2\lib\classes\jide-grids.jar;D:/Xilinx/Vivado/2016.2\lib\classes\jide-pivot.jar;D:/Xilinx/Vivado/2016.2\lib\classes\jide-plaf-jdk7.jar;D:/Xilinx/Vivado/2
Launcher Type: generic

Environment Variables:
PATH=D:/Xilinx/Vivado/2016.2/bin;D:/Xilinx/Vivado/2016.2/lib/win64.o;D:/Xilinx/Vivado/2016.2/tps/win64/jre/bin/server;D:/Xilinx/Vivado/2016.2/tps/win64/jre/bin;D:/Xilinx/SDK/2016.2/bin;D:/Xilinx/Vivado/2016.2/ids_lite/ISE/bin/nt64;D:/Xilinx/Vivado/2016.2/ids_lite/ISE/lib/nt64;D:/Xilinx/Vivado_HLS/2016.2/bin;C:\MinGW\bin;C:\Users\DELL\AppData\Local\Microsoft\WindowsApps;C:\Users\DELL\AppData\Local\GitHubDesktop\bin;D:\ApplicationProgram\Modelsim10.1a\win32;D:\ApplicationProgram\Debussy\bin;
USERNAME=DELL
LD_LIBRARY_PATH=D:\ApplicationProgram\Modelsim10.1a\win32\modelsim_pli54\WINNT\novas.dll
OS=Windows_NT
PROCESSOR_IDENTIFIER=Intel64 Family 6 Model 158 Stepping 10, GenuineIntel



---------------  S Y S T E M  ---------------

OS: Windows 10.0 , 64 bit Build 17134 (10.0.17134.648)

CPU:total 6 (6 cores per cpu, 1 threads per core) family 6 model 158 stepping 10, cmov, cx8, fxsr, mmx, sse, sse2, sse3, ssse3, sse4.1, sse4.2, popcnt, avx, avx2, aes, clmul, erms, rtm, 3dnowpref, lzcnt, tsc, tscinvbit, bmi1, bmi2, adx

Memory: 4k page, physical 8180012k(3140212k free), swap 18665772k(6924868k free)

vm_info: Java HotSpot(TM) 64-Bit Server VM (25.66-b18) for windows-amd64 JRE (1.8.0_66-b18), built on Nov  9 2015 10:51:13 by "java_re" with MS VC++ 10.0 (VS2010)

time: Wed Mar 27 17:32:56 2019
elapsed time: 6337 seconds (0d 1h 45m 37s)

