*design* DebussyLib (btIdent 3.3v9)
Command arguments:
    +define+verilog
    -2001
    -f vf
        ../src/top/mem_controller_tb.v
        ../src/top/mem_controller.v
        ../src/sub_modules/activation.v
        ../src/sub_modules/column_parallel.v
        ../src/sub_modules/delay.v
        ../src/sub_modules/FSM_3.v
        ../src/sub_modules/loop_count.v
        ../src/sub_modules/ram.v
        ../src/sub_modules/seq2index.v
        ../src/sub_modules/seq2parallel.v
        ../src/sub_modules/weight.v

*Error*  syntax error
"../src/top/mem_controller_tb.v", 38: )<-
*Error*  syntax error
"../src/sub_modules/weight.v", 2: )<-
*Error*  syntax error (expecting keyword 'module', 'macromodule' or 'primitive')
"../src/sub_modules/weight.v", 5: input<-
*Error*  syntax error (expecting keyword 'module', 'macromodule' or 'primitive')
"../src/sub_modules/weight.v", 7: input<-
*Error*  syntax error (expecting keyword 'module', 'macromodule' or 'primitive')
"../src/sub_modules/weight.v", 9: input<-
*Error*  syntax error (expecting keyword 'module', 'macromodule' or 'primitive')
"../src/sub_modules/weight.v", 11: input<-
*Error*  syntax error (expecting keyword 'module', 'macromodule' or 'primitive')
"../src/sub_modules/weight.v", 13: input<-
*Error*  syntax error (expecting keyword 'module', 'macromodule' or 'primitive')
"../src/sub_modules/weight.v", 15: output<-
*Error*  syntax error (expecting keyword 'module', 'macromodule' or 'primitive')
"../src/sub_modules/weight.v", 17: output<-

*Error* symbol en not found
"../src/sub_modules/weight.v", 19: 
*Error*  syntax error (expecting keyword 'module', 'macromodule' or 'primitive')
"../src/sub_modules/weight.v", 19: )<-
Highest level modules:
mem_controller


*Error* view weight is not defined for inst weight
"../src/top/mem_controller.v", 271: 
Total	12 error(s),   0 warning(s)
