17:06:53 **** Build of configuration Debug for project fpga ****
make pre-build main-build 
a9-linaro-pre-build-step
' '
'Building file: ../src/helloworld.c'
'Invoking: ARM v7 gcc compiler'
arm-none-eabi-gcc -Wall -O0 -g3 -c -fmessage-length=0 -MT"src/helloworld.o" -mcpu=cortex-a9 -mfpu=vfpv3 -mfloat-abi=hard -I../../fpga_bsp/ps7_cortexa9_0/include -MMD -MP -MF"src/helloworld.d" -MT"src/helloworld.o" -o "src/helloworld.o" "../src/helloworld.c"
'Finished building: ../src/helloworld.c'
' '
'Building file: ../src/platform.c'
'Invoking: ARM v7 gcc compiler'
arm-none-eabi-gcc -Wall -O0 -g3 -c -fmessage-length=0 -MT"src/platform.o" -mcpu=cortex-a9 -mfpu=vfpv3 -mfloat-abi=hard -I../../fpga_bsp/ps7_cortexa9_0/include -MMD -MP -MF"src/platform.d" -MT"src/platform.o" -o "src/platform.o" "../src/platform.c"
'Finished building: ../src/platform.c'
' '
'Building target: fpga.elf'
'Invoking: ARM v7 gcc linker'
arm-none-eabi-gcc -mcpu=cortex-a9 -mfpu=vfpv3 -mfloat-abi=hard -Wl,-build-id=none -specs=Xilinx.spec -Wl,-T -Wl,../src/lscript.ld -L../../fpga_bsp/ps7_cortexa9_0/lib -o "fpga.elf"  ./src/helloworld.o ./src/platform.o   -Wl,--start-group,-lxil,-lgcc,-lc,--end-group
d:/xilinx/sdk/2016.2/gnu/aarch32/nt/gcc-arm-none-eabi/bin/../lib/gcc/arm-none-eabi/4.9.2/../../../../arm-none-eabi/bin/ld.exe: warning: cannot find entry symbol _vector_table; defaulting to 00100000
./src/helloworld.o: In function `main':
F:\Programdata\CNNPR\fpga\fpga.sdk\fpga\Debug/../src/helloworld.c:57: undefined reference to `print'
./src/platform.o: In function `disable_caches':
F:\Programdata\CNNPR\fpga\fpga.sdk\fpga\Debug/../src/platform.c:71: undefined reference to `Xil_DCacheDisable'
F:\Programdata\CNNPR\fpga\fpga.sdk\fpga\Debug/../src/platform.c:72: undefined reference to `Xil_ICacheDisable'
collect2.exe: error: ld returned 1 exit status
make: *** [fpga.elf] ´íÎó 1

17:06:55 Build Finished (took 2s.576ms)

